controller/android/.build/outputs/logs/manifest-merger-debug-report.txt
-- Merging decision tree log ---
manifest
ADDED from controller/android/AndroidManifest.xml:2:1-193:12
	package
		ADDED from controller/android/AndroidManifest.xml:3:5-33
	android:versionName
		ADDED from controller/android/AndroidManifest.xml:6:5-30
		INJECTED from controller/android/AndroidManifest.xml
		INJECTED from controller/android/AndroidManifest.xml
	android:versionCode
		ADDED from controller/android/AndroidManifest.xml:5:5-28
		INJECTED from controller/android/AndroidManifest.xml
		INJECTED from controller/android/AndroidManifest.xml
	xmlns:android
		ADDED from controller/android/AndroidManifest.xml:2:11-69
	android:installLocation
		ADDED from controller/android/AndroidManifest.xml:4:5-35
uses-sdk
ADDED from controller/android/AndroidManifest.xml:8:5-10:41
MERGED from [com.facebook.android:facebook-android-sdk:4.0.0] AndroidManifest.xml:24:5-26:41
MERGED from [com.android.support:support-v4:21.0.3] AndroidManifest.xml:15:5-42
	android:targetSdkVersion
		ADDED from controller/android/AndroidManifest.xml:10:9-38
	android:minSdkVersion
		ADDED from controller/android/AndroidManifest.xml:9:9-35
supports-screens
ADDED from controller/android/AndroidManifest.xml:12:5-16:39
	android:largeScreens
		ADDED from controller/android/AndroidManifest.xml:14:9-36
	android:smallScreens
		ADDED from controller/android/AndroidManifest.xml:16:9-36
	android:normalScreens
		ADDED from controller/android/AndroidManifest.xml:15:9-37
	android:anyDensity
		ADDED from controller/android/AndroidManifest.xml:13:9-34
uses-permission#android.permission.CAMERA
ADDED from controller/android/AndroidManifest.xml:18:5-65
	android:name
		ADDED from controller/android/AndroidManifest.xml:18:22-62
uses-permission#android.permission.BLUETOOTH_ADMIN
ADDED from controller/android/AndroidManifest.xml:19:5-74
	android:name
		ADDED from controller/android/AndroidManifest.xml:19:22-71
uses-permission#android.permission.BLUETOOTH
ADDED from controller/android/AndroidManifest.xml:20:5-68
	android:name
		ADDED from controller/android/AndroidManifest.xml:20:22-65
uses-permission#android.permission.VIBRATE
ADDED from controller/android/AndroidManifest.xml:21:5-66
	android:name
		ADDED from controller/android/AndroidManifest.xml:21:22-63
uses-permission#android.permission.WRITE_EXTERNAL_STORAGE
ADDED from controller/android/AndroidManifest.xml:22:5-81
	android:name
		ADDED from controller/android/AndroidManifest.xml:22:22-78
uses-permission#android.permission.READ_EXTERNAL_STORAGE
ADDED from controller/android/AndroidManifest.xml:23:5-80
	android:name
		ADDED from controller/android/AndroidManifest.xml:23:22-77
uses-permission#android.permission.INTERNET
ADDED from controller/android/AndroidManifest.xml:24:5-67
	android:name
		ADDED from controller/android/AndroidManifest.xml:24:22-64
uses-permission#android.permission.ACCESS_NETWORK_STATE
ADDED from controller/android/AndroidManifest.xml:25:5-79
	android:name
		ADDED from controller/android/AndroidManifest.xml:25:22-76
uses-permission#android.permission.GET_ACCOUNTS
ADDED from controller/android/AndroidManifest.xml:28:5-71
	android:name
		ADDED from controller/android/AndroidManifest.xml:28:22-68
uses-permission#android.permission.READ_PROFILE
ADDED from controller/android/AndroidManifest.xml:29:5-71
	android:name
		ADDED from controller/android/AndroidManifest.xml:29:22-68
uses-permission#android.permission.READ_CONTACTS
ADDED from controller/android/AndroidManifest.xml:30:5-72
	android:name
		ADDED from controller/android/AndroidManifest.xml:30:22-69
uses-permission#android.permission.ACCESS_COARSE_LOCATION
ADDED from controller/android/AndroidManifest.xml:41:5-81
	android:name
		ADDED from controller/android/AndroidManifest.xml:41:22-78
uses-permission#android.permission.RECORD_AUDIO
ADDED from controller/android/AndroidManifest.xml:43:5-71
	android:name
		ADDED from controller/android/AndroidManifest.xml:43:22-68
uses-feature#android.hardware.camera
ADDED from controller/android/AndroidManifest.xml:56:5-58:36
	android:required
		ADDED from controller/android/AndroidManifest.xml:58:9-33
	android:name
		ADDED from controller/android/AndroidManifest.xml:57:9-47
uses-feature#android.hardware.camera.autofocus
ADDED from controller/android/AndroidManifest.xml:59:5-61:36
	android:required
		ADDED from controller/android/AndroidManifest.xml:61:9-33
	android:name
		ADDED from controller/android/AndroidManifest.xml:60:9-57
uses-feature#android.hardware.microphone
ADDED from controller/android/AndroidManifest.xml:62:5-64:36
	android:required
		ADDED from controller/android/AndroidManifest.xml:64:9-33
	android:name
		ADDED from controller/android/AndroidManifest.xml:63:9-51
uses-feature#0x00020000
ADDED from controller/android/AndroidManifest.xml:65:5-67:35
	android:glEsVersion
		ADDED from controller/android/AndroidManifest.xml:66:9-41
	android:required
		ADDED from controller/android/AndroidManifest.xml:67:9-32
uses-permission#android.permission.READ_PHONE_STATE
ADDED from controller/android/AndroidManifest.xml:69:5-75
	android:name
		ADDED from controller/android/AndroidManifest.xml:69:22-72
application
ADDED from controller/android/AndroidManifest.xml:71:5-191:19
MERGED from [com.facebook.android:facebook-android-sdk:4.0.0] AndroidManifest.xml:28:5-20
MERGED from [com.android.support:support-v4:21.0.3] AndroidManifest.xml:16:5-19
	android:label
		ADDED from controller/android/AndroidManifest.xml:75:9-50
	android:hardwareAccelerated
		ADDED from controller/android/AndroidManifest.xml:73:9-43
	android:icon
		ADDED from controller/android/AndroidManifest.xml:74:9-43
	android:name
		ADDED from controller/android/AndroidManifest.xml:72:9-72
activity#org.qtproject.lamp.MainActivity
ADDED from controller/android/AndroidManifest.xml:76:9-183:20
	android:screenOrientation
		ADDED from controller/android/AndroidManifest.xml:81:13-52
	android:label
		ADDED from controller/android/AndroidManifest.xml:79:13-54
	android:launchMode
		ADDED from controller/android/AndroidManifest.xml:80:13-43
	android:configChanges
		ADDED from controller/android/AndroidManifest.xml:78:13-166
	android:name
		ADDED from controller/android/AndroidManifest.xml:77:13-41
intent-filter#android.intent.action.MAIN+android.intent.category.LAUNCHER
ADDED from controller/android/AndroidManifest.xml:82:13-86:29
action#android.intent.action.MAIN
ADDED from controller/android/AndroidManifest.xml:83:17-69
	android:name
		ADDED from controller/android/AndroidManifest.xml:83:25-66
category#android.intent.category.LAUNCHER
ADDED from controller/android/AndroidManifest.xml:85:17-77
	android:name
		ADDED from controller/android/AndroidManifest.xml:85:27-74
meta-data#android.app.lib_name
ADDED from controller/android/AndroidManifest.xml:92:13-94:65
	android:value
		ADDED from controller/android/AndroidManifest.xml:94:17-62
	android:name
		ADDED from controller/android/AndroidManifest.xml:93:17-52
meta-data#android.app.qt_sources_resource_id
ADDED from controller/android/AndroidManifest.xml:95:13-97:56
	android:resource
		ADDED from controller/android/AndroidManifest.xml:97:17-53
	android:name
		ADDED from controller/android/AndroidManifest.xml:96:17-66
meta-data#android.app.repository
ADDED from controller/android/AndroidManifest.xml:98:13-100:43
	android:value
		ADDED from controller/android/AndroidManifest.xml:100:17-40
	android:name
		ADDED from controller/android/AndroidManifest.xml:99:17-54
meta-data#android.app.qt_libs_resource_id
ADDED from controller/android/AndroidManifest.xml:101:13-103:53
	android:resource
		ADDED from controller/android/AndroidManifest.xml:103:17-50
	android:name
		ADDED from controller/android/AndroidManifest.xml:102:17-63
meta-data#android.app.bundled_libs_resource_id
ADDED from controller/android/AndroidManifest.xml:104:13-106:58
	android:resource
		ADDED from controller/android/AndroidManifest.xml:106:17-55
	android:name
		ADDED from controller/android/AndroidManifest.xml:105:17-68
meta-data#android.app.bundle_local_qt_libs
ADDED from controller/android/AndroidManifest.xml:108:13-110:66
	android:value
		ADDED from controller/android/AndroidManifest.xml:110:17-63
	android:name
		ADDED from controller/android/AndroidManifest.xml:109:17-64
meta-data#android.app.bundled_in_lib_resource_id
ADDED from controller/android/AndroidManifest.xml:111:13-113:60
	android:resource
		ADDED from controller/android/AndroidManifest.xml:113:17-57
	android:name
		ADDED from controller/android/AndroidManifest.xml:112:17-70
meta-data#android.app.bundled_in_assets_resource_id
ADDED from controller/android/AndroidManifest.xml:114:13-116:63
	android:resource
		ADDED from controller/android/AndroidManifest.xml:116:17-60
	android:name
		ADDED from controller/android/AndroidManifest.xml:115:17-73
meta-data#android.app.use_local_qt_libs
ADDED from controller/android/AndroidManifest.xml:118:13-120:63
	android:value
		ADDED from controller/android/AndroidManifest.xml:120:17-60
	android:name
		ADDED from controller/android/AndroidManifest.xml:119:17-61
meta-data#android.app.libs_prefix
ADDED from controller/android/AndroidManifest.xml:121:13-123:55
	android:value
		ADDED from controller/android/AndroidManifest.xml:123:17-52
	android:name
		ADDED from controller/android/AndroidManifest.xml:122:17-55
meta-data#android.app.load_local_libs
ADDED from controller/android/AndroidManifest.xml:124:13-126:63
	android:value
		ADDED from controller/android/AndroidManifest.xml:126:17-60
	android:name
		ADDED from controller/android/AndroidManifest.xml:125:17-59
meta-data#android.app.load_local_jars
ADDED from controller/android/AndroidManifest.xml:127:13-129:63
	android:value
		ADDED from controller/android/AndroidManifest.xml:129:17-60
	android:name
		ADDED from controller/android/AndroidManifest.xml:128:17-59
meta-data#android.app.static_init_classes
ADDED from controller/android/AndroidManifest.xml:130:13-132:65
	android:value
		ADDED from controller/android/AndroidManifest.xml:132:17-62
	android:name
		ADDED from controller/android/AndroidManifest.xml:131:17-63
meta-data#android.app.ministro_not_found_msg
ADDED from controller/android/AndroidManifest.xml:134:13-136:66
	android:value
		ADDED from controller/android/AndroidManifest.xml:136:17-63
	android:name
		ADDED from controller/android/AndroidManifest.xml:135:17-66
meta-data#android.app.ministro_needed_msg
ADDED from controller/android/AndroidManifest.xml:137:13-139:63
	android:value
		ADDED from controller/android/AndroidManifest.xml:139:17-60
	android:name
		ADDED from controller/android/AndroidManifest.xml:138:17-63
meta-data#android.app.fatal_error_msg
ADDED from controller/android/AndroidManifest.xml:140:13-142:59
	android:value
		ADDED from controller/android/AndroidManifest.xml:142:17-56
	android:name
		ADDED from controller/android/AndroidManifest.xml:141:17-59
meta-data#android.app.background_running
ADDED from controller/android/AndroidManifest.xml:159:13-161:41
	android:value
		ADDED from controller/android/AndroidManifest.xml:161:17-38
	android:name
		ADDED from controller/android/AndroidManifest.xml:160:17-62
meta-data#android.app.auto_screen_scale_factor
ADDED from controller/android/AndroidManifest.xml:166:13-168:41
	android:value
		ADDED from controller/android/AndroidManifest.xml:168:17-38
	android:name
		ADDED from controller/android/AndroidManifest.xml:167:17-68
meta-data#android.app.extract_android_style
ADDED from controller/android/AndroidManifest.xml:179:13-181:40
	android:value
		ADDED from controller/android/AndroidManifest.xml:181:17-37
	android:name
		ADDED from controller/android/AndroidManifest.xml:180:17-65
service#org.qtproject.lamp.AdvertiserService
ADDED from controller/android/AndroidManifest.xml:187:9-190:39
	android:enabled
		ADDED from controller/android/AndroidManifest.xml:189:13-35
	android:exported
		ADDED from controller/android/AndroidManifest.xml:190:13-36
	android:name
		ADDED from controller/android/AndroidManifest.xml:188:13-46